0 info it worked if it ends with ok
1 verbose cli [ 'E:\\Vue\\node.exe',
1 verbose cli   'E:\\Vue\\node_modules\\npm\\bin\\npm-cli.js',
1 verbose cli   'start' ]
2 info using npm@3.10.10
3 info using node@v6.11.1
4 verbose run-script [ 'prestart', 'start', 'poststart' ]
5 info lifecycle angular-phonecat@0.0.0~prestart: angular-phonecat@0.0.0
6 verbose lifecycle angular-phonecat@0.0.0~prestart: unsafe-perm in lifecycle true
7 verbose lifecycle angular-phonecat@0.0.0~prestart: PATH: E:\Vue\node_modules\npm\bin\node-gyp-bin;E:\IntelliJ IDEA demo\spring-cloud-online-exam\fileServer\node_modules\.bin;C:\Program Files (x86)\Common Files\Oracle\Java\javapath;E:\Program Files\Java\jdk1.8.0_91\bin;E:\Program Files\Java\jdk1.8.0_91\jre\bin;C:\ProgramData\Oracle\Java\javapath;C:\Program Files (x86)\Lenovo\FusionEngine;C:\Program Files (x86)\Intel\iCLS Client\;C:\Program Files\Intel\iCLS Client\;C:\WINDOWS\system32;C:\WINDOWS;C:\WINDOWS\System32\Wbem;C:\WINDOWS\System32\WindowsPowerShell\v1.0\;C:\Program Files\Intel\Intel(R) Management Engine Components\DAL;C:\Program Files (x86)\Intel\Intel(R) Management Engine Components\DAL;C:\Program Files\Intel\Intel(R) Management Engine Components\IPT;C:\Program Files (x86)\Intel\Intel(R) Management Engine Components\IPT;C:\Program Files\Intel\WiFi\bin\;C:\Program Files\Common Files\Intel\WirelessCommon\;C:\Program Files (x86)\Lenovo\Motion Control\;C:\Program Files (x86)\Common Files\lenovo\easyplussdk\bin;C:\Program Files (x86)\Lenovo\Lenovo Home\;E:\anzhuo\adt-bundle-windows-x86_64-20140702\sdk\platform-tools;%MYSQL_HOME%\bin;E:\maven\apache-maven-3.5.2\bin;D:\IBM.Rational.Rose\Rational\common;C:\strawberry\c\bin;C:\strawberry\perl\bin;C:\WINDOWS\System32\OpenSSH\;E:\Vue\;E:\svn\VisualSVN Server\bin;E:\svn\TortoiseSVN\bin;C:\Users\ZWZ\AppData\Local\Microsoft\WindowsApps;C:\Users\ZWZ\AppData\Local\GitHubDesktop\bin;D:\SSH Secure Shell;F:\腾讯云文件;C:\Users\ZWZ\AppData\Local\Microsoft\WindowsApps;C:\Users\ZWZ\AppData\Roaming\npm;D:\Microsoft VS Code\Microsoft VS Code\bin
8 verbose lifecycle angular-phonecat@0.0.0~prestart: CWD: E:\IntelliJ IDEA demo\spring-cloud-online-exam\fileServer
9 silly lifecycle angular-phonecat@0.0.0~prestart: Args: [ '/d /s /c', 'npm install' ]
10 silly lifecycle angular-phonecat@0.0.0~prestart: Returned: code: 0  signal: null
11 info lifecycle angular-phonecat@0.0.0~start: angular-phonecat@0.0.0
12 verbose lifecycle angular-phonecat@0.0.0~start: unsafe-perm in lifecycle true
13 verbose lifecycle angular-phonecat@0.0.0~start: PATH: E:\Vue\node_modules\npm\bin\node-gyp-bin;E:\IntelliJ IDEA demo\spring-cloud-online-exam\fileServer\node_modules\.bin;C:\Program Files (x86)\Common Files\Oracle\Java\javapath;E:\Program Files\Java\jdk1.8.0_91\bin;E:\Program Files\Java\jdk1.8.0_91\jre\bin;C:\ProgramData\Oracle\Java\javapath;C:\Program Files (x86)\Lenovo\FusionEngine;C:\Program Files (x86)\Intel\iCLS Client\;C:\Program Files\Intel\iCLS Client\;C:\WINDOWS\system32;C:\WINDOWS;C:\WINDOWS\System32\Wbem;C:\WINDOWS\System32\WindowsPowerShell\v1.0\;C:\Program Files\Intel\Intel(R) Management Engine Components\DAL;C:\Program Files (x86)\Intel\Intel(R) Management Engine Components\DAL;C:\Program Files\Intel\Intel(R) Management Engine Components\IPT;C:\Program Files (x86)\Intel\Intel(R) Management Engine Components\IPT;C:\Program Files\Intel\WiFi\bin\;C:\Program Files\Common Files\Intel\WirelessCommon\;C:\Program Files (x86)\Lenovo\Motion Control\;C:\Program Files (x86)\Common Files\lenovo\easyplussdk\bin;C:\Program Files (x86)\Lenovo\Lenovo Home\;E:\anzhuo\adt-bundle-windows-x86_64-20140702\sdk\platform-tools;%MYSQL_HOME%\bin;E:\maven\apache-maven-3.5.2\bin;D:\IBM.Rational.Rose\Rational\common;C:\strawberry\c\bin;C:\strawberry\perl\bin;C:\WINDOWS\System32\OpenSSH\;E:\Vue\;E:\svn\VisualSVN Server\bin;E:\svn\TortoiseSVN\bin;C:\Users\ZWZ\AppData\Local\Microsoft\WindowsApps;C:\Users\ZWZ\AppData\Local\GitHubDesktop\bin;D:\SSH Secure Shell;F:\腾讯云文件;C:\Users\ZWZ\AppData\Local\Microsoft\WindowsApps;C:\Users\ZWZ\AppData\Roaming\npm;D:\Microsoft VS Code\Microsoft VS Code\bin
14 verbose lifecycle angular-phonecat@0.0.0~start: CWD: E:\IntelliJ IDEA demo\spring-cloud-online-exam\fileServer
15 silly lifecycle angular-phonecat@0.0.0~start: Args: [ '/d /s /c', 'http-server ./app -a localhost -p 8001 -c-1' ]
16 silly lifecycle angular-phonecat@0.0.0~start: Returned: code: 1  signal: null
17 info lifecycle angular-phonecat@0.0.0~start: Failed to exec start script
18 verbose stack Error: angular-phonecat@0.0.0 start: `http-server ./app -a localhost -p 8001 -c-1`
18 verbose stack Exit status 1
18 verbose stack     at EventEmitter.<anonymous> (E:\Vue\node_modules\npm\lib\utils\lifecycle.js:255:16)
18 verbose stack     at emitTwo (events.js:106:13)
18 verbose stack     at EventEmitter.emit (events.js:191:7)
18 verbose stack     at ChildProcess.<anonymous> (E:\Vue\node_modules\npm\lib\utils\spawn.js:40:14)
18 verbose stack     at emitTwo (events.js:106:13)
18 verbose stack     at ChildProcess.emit (events.js:191:7)
18 verbose stack     at maybeClose (internal/child_process.js:891:16)
18 verbose stack     at Process.ChildProcess._handle.onexit (internal/child_process.js:226:5)
19 verbose pkgid angular-phonecat@0.0.0
20 verbose cwd E:\IntelliJ IDEA demo\spring-cloud-online-exam\fileServer
21 error Windows_NT 10.0.17134
22 error argv "E:\\Vue\\node.exe" "E:\\Vue\\node_modules\\npm\\bin\\npm-cli.js" "start"
23 error node v6.11.1
24 error npm  v3.10.10
25 error code ELIFECYCLE
26 error angular-phonecat@0.0.0 start: `http-server ./app -a localhost -p 8001 -c-1`
26 error Exit status 1
27 error Failed at the angular-phonecat@0.0.0 start script 'http-server ./app -a localhost -p 8001 -c-1'.
27 error Make sure you have the latest version of node.js and npm installed.
27 error If you do, this is most likely a problem with the angular-phonecat package,
27 error not with npm itself.
27 error Tell the author that this fails on your system:
27 error     http-server ./app -a localhost -p 8001 -c-1
27 error You can get information on how to open an issue for this project with:
27 error     npm bugs angular-phonecat
27 error Or if that isn't available, you can get their info via:
27 error     npm owner ls angular-phonecat
27 error There is likely additional logging output above.
28 verbose exit [ 1, true ]
